<?xml version="1.0" encoding="utf-8"?><testsuites name="pytest tests"><testsuite name="pytest" errors="0" failures="0" skipped="0" tests="14" time="10.647" timestamp="2026-04-09T01:07:05.669263+00:00" hostname="agent-env-5ab47bf4-633d-4b2a-994a-0ed49fb506ea"><testcase classname="backend.tests.test_billpay_roles.TestBillPayScheduling" name="test_list_schedules" time="0.772" /><testcase classname="backend.tests.test_billpay_roles.TestBillPayScheduling" name="test_create_schedule" time="0.588" /><testcase classname="backend.tests.test_billpay_roles.TestBillPayScheduling" name="test_update_schedule" time="0.823" /><testcase classname="backend.tests.test_billpay_roles.TestBillPayScheduling" name="test_toggle_schedule" time="0.903" /><testcase classname="backend.tests.test_billpay_roles.TestBillPayScheduling" name="test_pay_now" time="0.798" /><testcase classname="backend.tests.test_billpay_roles.TestBillPayScheduling" name="test_process_due" time="0.605" /><testcase classname="backend.tests.test_billpay_roles.TestBillPayScheduling" name="test_get_history" time="0.644" /><testcase classname="backend.tests.test_billpay_roles.TestBillPayScheduling" name="test_delete_schedule" time="0.960" /><testcase classname="backend.tests.test_billpay_roles.TestRolesAPI" name="test_list_roles" time="0.588" /><testcase classname="backend.tests.test_billpay_roles.TestRolesAPI" name="test_create_custom_role" time="0.680" /><testcase classname="backend.tests.test_billpay_roles.TestRolesAPI" name="test_update_role_permissions" time="0.901" /><testcase classname="backend.tests.test_billpay_roles.TestRolesAPI" name="test_delete_custom_role" time="0.665" /><testcase classname="backend.tests.test_billpay_roles.TestRolesAPI" name="test_cannot_delete_default_role" time="0.730" /><testcase classname="backend.tests.test_billpay_roles.TestCleanup" name="test_cleanup_test_schedules" time="0.734" /></testsuite></testsuites>