<?xml version="1.0" encoding="utf-8"?><testsuites name="pytest tests"><testsuite name="pytest" errors="0" failures="0" skipped="0" tests="31" time="15.578" timestamp="2026-04-08T23:22:46.836348+00:00" hostname="agent-env-a537883e-e768-4a51-8d23-1e87c6e46e3a"><testcase classname="tests.test_blackiefi_v3_features.TestAuthAndMFA" name="test_login_success" time="0.851" /><testcase classname="tests.test_blackiefi_v3_features.TestAuthAndMFA" name="test_login_invalid_credentials" time="0.493" /><testcase classname="tests.test_blackiefi_v3_features.TestAuthAndMFA" name="test_mfa_status" time="0.455" /><testcase classname="tests.test_blackiefi_v3_features.TestAuthAndMFA" name="test_mfa_setup_returns_qr_and_secret" time="0.493" /><testcase classname="tests.test_blackiefi_v3_features.TestAISettings" name="test_get_ai_settings_default_off" time="0.523" /><testcase classname="tests.test_blackiefi_v3_features.TestAISettings" name="test_toggle_ai_settings_on" time="0.617" /><testcase classname="tests.test_blackiefi_v3_features.TestAISettings" name="test_toggle_ai_settings_off" time="0.617" /><testcase classname="tests.test_blackiefi_v3_features.TestAISettings" name="test_ai_chat_disabled_returns_400" time="0.565" /><testcase classname="tests.test_blackiefi_v3_features.TestNotifications" name="test_list_notifications" time="0.429" /><testcase classname="tests.test_blackiefi_v3_features.TestNotifications" name="test_unread_count" time="0.502" /><testcase classname="tests.test_blackiefi_v3_features.TestNotifications" name="test_upcoming_reminders" time="0.440" /><testcase classname="tests.test_blackiefi_v3_features.TestNotifications" name="test_upcoming_reminders_with_days_param" time="0.470" /><testcase classname="tests.test_blackiefi_v3_features.TestCurrency" name="test_get_exchange_rates" time="0.487" /><testcase classname="tests.test_blackiefi_v3_features.TestCurrency" name="test_convert_usd_to_eur" time="0.441" /><testcase classname="tests.test_blackiefi_v3_features.TestCurrency" name="test_convert_usd_to_jpy" time="0.465" /><testcase classname="tests.test_blackiefi_v3_features.TestCurrency" name="test_convert_invalid_currency" time="0.495" /><testcase classname="tests.test_blackiefi_v3_features.TestCurrency" name="test_get_currency_settings" time="0.429" /><testcase classname="tests.test_blackiefi_v3_features.TestCurrency" name="test_update_currency_settings" time="0.642" /><testcase classname="tests.test_blackiefi_v3_features.TestDataExport" name="test_export_transactions_json" time="0.482" /><testcase classname="tests.test_blackiefi_v3_features.TestDataExport" name="test_export_expenses_csv" time="0.464" /><testcase classname="tests.test_blackiefi_v3_features.TestDataExport" name="test_export_accounts_json" time="0.451" /><testcase classname="tests.test_blackiefi_v3_features.TestDataExport" name="test_export_all" time="0.486" /><testcase classname="tests.test_blackiefi_v3_features.TestRAG" name="test_rag_status" time="0.462" /><testcase classname="tests.test_blackiefi_v3_features.TestRAG" name="test_rag_documents_list" time="0.451" /><testcase classname="tests.test_blackiefi_v3_features.TestDashboardAndExistingFeatures" name="test_dashboard_unified" time="0.429" /><testcase classname="tests.test_blackiefi_v3_features.TestDashboardAndExistingFeatures" name="test_health_endpoint" time="0.439" /><testcase classname="tests.test_blackiefi_v3_features.TestDashboardAndExistingFeatures" name="test_accounts_list" time="0.452" /><testcase classname="tests.test_blackiefi_v3_features.TestDashboardAndExistingFeatures" name="test_income_list" time="0.460" /><testcase classname="tests.test_blackiefi_v3_features.TestDashboardAndExistingFeatures" name="test_expenses_list" time="0.453" /><testcase classname="tests.test_blackiefi_v3_features.TestDashboardAndExistingFeatures" name="test_debts_list" time="0.547" /><testcase classname="tests.test_blackiefi_v3_features.TestDashboardAndExistingFeatures" name="test_entities_list" time="0.462" /></testsuite></testsuites>