<?xml version="1.0" encoding="utf-8"?><testsuites name="pytest tests"><testsuite name="pytest" errors="0" failures="0" skipped="0" tests="19" time="7.351" timestamp="2026-04-16T18:44:01.254731+00:00" hostname="agent-env-5ab47bf4-633d-4b2a-994a-0ed49fb506ea"><testcase classname="backend.tests.test_code_quality_fixes.TestAuthFlow" name="test_login_returns_token" time="0.378" /><testcase classname="backend.tests.test_code_quality_fixes.TestAuthFlow" name="test_logout_endpoint" time="0.477" /><testcase classname="backend.tests.test_code_quality_fixes.TestDashboardUnified" name="test_unified_dashboard_returns_valid_data" time="0.512" /><testcase classname="backend.tests.test_code_quality_fixes.TestTransactionsSearch" name="test_search_transactions_returns_paginated_data" time="0.506" /><testcase classname="backend.tests.test_code_quality_fixes.TestTransactionsSearch" name="test_search_with_filters" time="0.120" /><testcase classname="backend.tests.test_code_quality_fixes.TestBillPaySchedules" name="test_list_schedules" time="0.504" /><testcase classname="backend.tests.test_code_quality_fixes.TestBillPaySchedules" name="test_create_toggle_delete_schedule" time="0.374" /><testcase classname="backend.tests.test_code_quality_fixes.TestBillPaySchedules" name="test_billpay_history" time="0.124" /><testcase classname="backend.tests.test_code_quality_fixes.TestAuditLog" name="test_get_audit_logs" time="0.505" /><testcase classname="backend.tests.test_code_quality_fixes.TestAuditLog" name="test_get_audit_actions" time="0.123" /><testcase classname="backend.tests.test_code_quality_fixes.TestAuditLog" name="test_get_audit_resource_types" time="0.126" /><testcase classname="backend.tests.test_code_quality_fixes.TestDebtPayoff" name="test_payoff_estimate_avalanche" time="0.458" /><testcase classname="backend.tests.test_code_quality_fixes.TestDebtPayoff" name="test_payoff_estimate_snowball" time="0.151" /><testcase classname="backend.tests.test_code_quality_fixes.TestBudgetVariance" name="test_budget_variance_report" time="0.467" /><testcase classname="backend.tests.test_code_quality_fixes.TestRolesPermissions" name="test_list_roles" time="0.568" /><testcase classname="backend.tests.test_code_quality_fixes.TestPDFExport" name="test_pdf_dashboard_export" time="0.883" /><testcase classname="backend.tests.test_code_quality_fixes.TestPDFExport" name="test_pdf_transactions_export" time="0.133" /><testcase classname="backend.tests.test_code_quality_fixes.TestCrossEntity" name="test_list_entities" time="0.749" /><testcase classname="backend.tests.test_code_quality_fixes.TestCrossEntity" name="test_cross_entity_summary" time="0.118" /></testsuite></testsuites>