<?xml version="1.0" encoding="utf-8"?><testsuites name="pytest tests"><testsuite name="pytest" errors="0" failures="0" skipped="0" tests="25" time="0.083" timestamp="2026-04-08T22:50:29.096631+00:00" hostname="agent-env-a537883e-e768-4a51-8d23-1e87c6e46e3a"><testcase classname="backend.tests.test_docker_infrastructure.TestDockerComposeYAML" name="test_docker_compose_is_valid_yaml" time="0.012" /><testcase classname="backend.tests.test_docker_infrastructure.TestDockerComposeYAML" name="test_docker_compose_has_all_13_services" time="0.012" /><testcase classname="backend.tests.test_docker_infrastructure.TestDockerComposeYAML" name="test_service_ports_match_architecture" time="0.012" /><testcase classname="backend.tests.test_docker_infrastructure.TestDockerfilesNoLockFiles" name="test_dockerfile_no_lock_file_references[services/auth/Dockerfile]" time="0.000" /><testcase classname="backend.tests.test_docker_infrastructure.TestDockerfilesNoLockFiles" name="test_dockerfile_no_lock_file_references[services/core/Dockerfile]" time="0.000" /><testcase classname="backend.tests.test_docker_infrastructure.TestDockerfilesNoLockFiles" name="test_dockerfile_no_lock_file_references[services/entity/Dockerfile]" time="0.000" /><testcase classname="backend.tests.test_docker_infrastructure.TestDockerfilesNoLockFiles" name="test_dockerfile_no_lock_file_references[services/portfolio/Dockerfile]" time="0.000" /><testcase classname="backend.tests.test_docker_infrastructure.TestDockerfilesNoLockFiles" name="test_dockerfile_no_lock_file_references[services/assets/Dockerfile]" time="0.000" /><testcase classname="backend.tests.test_docker_infrastructure.TestDockerfilesNoLockFiles" name="test_dockerfile_no_lock_file_references[services/gateway-app/Dockerfile]" time="0.000" /><testcase classname="backend.tests.test_docker_infrastructure.TestDockerfilesNoLockFiles" name="test_dockerfile_no_lock_file_references[frontend/Dockerfile.docker]" time="0.000" /><testcase classname="backend.tests.test_docker_infrastructure.TestPythonDockerfilesCurl" name="test_python_dockerfile_installs_curl[services/auth/Dockerfile]" time="0.000" /><testcase classname="backend.tests.test_docker_infrastructure.TestPythonDockerfilesCurl" name="test_python_dockerfile_installs_curl[services/core/Dockerfile]" time="0.000" /><testcase classname="backend.tests.test_docker_infrastructure.TestPythonDockerfilesCurl" name="test_python_dockerfile_installs_curl[services/entity/Dockerfile]" time="0.000" /><testcase classname="backend.tests.test_docker_infrastructure.TestPythonDockerfilesCurl" name="test_python_dockerfile_installs_curl[services/portfolio/Dockerfile]" time="0.000" /><testcase classname="backend.tests.test_docker_infrastructure.TestPythonDockerfilesCurl" name="test_python_dockerfile_installs_curl[services/assets/Dockerfile]" time="0.000" /><testcase classname="backend.tests.test_docker_infrastructure.TestGatewayAppDockerfile" name="test_gateway_app_copies_only_package_json" time="0.000" /><testcase classname="backend.tests.test_docker_infrastructure.TestFrontendDockerfile" name="test_frontend_dockerfile_no_frozen_lockfile" time="0.000" /><testcase classname="backend.tests.test_docker_infrastructure.TestGatewayAppAuthMiddleware" name="test_auth_middleware_imports_config_correctly" time="0.000" /><testcase classname="backend.tests.test_docker_infrastructure.TestGatewayAppAuthMiddleware" name="test_auth_middleware_has_password_reset_routes" time="0.000" /><testcase classname="backend.tests.test_docker_infrastructure.TestEnvTemplate" name="test_env_template_exists" time="0.000" /><testcase classname="backend.tests.test_docker_infrastructure.TestEnvTemplate" name="test_env_template_has_required_vars" time="0.000" /><testcase classname="backend.tests.test_docker_infrastructure.TestDockerignore" name="test_dockerignore_exists" time="0.000" /><testcase classname="backend.tests.test_docker_infrastructure.TestDockerignore" name="test_dockerignore_has_required_excludes" time="0.000" /><testcase classname="backend.tests.test_docker_infrastructure.TestMakefile" name="test_makefile_exists" time="0.000" /><testcase classname="backend.tests.test_docker_infrastructure.TestMakefile" name="test_makefile_has_required_targets" time="0.001" /></testsuite></testsuites>