<?xml version="1.0" encoding="utf-8"?><testsuites name="pytest tests"><testsuite name="pytest" errors="0" failures="0" skipped="0" tests="28" time="6.756" timestamp="2026-04-09T00:01:19.663361+00:00" hostname="agent-env-30d587bb-06cf-42ea-89fa-e147112afd2c"><testcase classname="backend.tests.test_new_features.TestAuth" name="test_login_success" time="0.433" /><testcase classname="backend.tests.test_new_features.TestPortfolioAnalytics" name="test_portfolio_summary" time="0.485" /><testcase classname="backend.tests.test_new_features.TestPortfolioAnalytics" name="test_portfolio_history" time="0.123" /><testcase classname="backend.tests.test_new_features.TestPortfolioAnalytics" name="test_portfolio_allocation" time="0.129" /><testcase classname="backend.tests.test_new_features.TestPortfolioAnalytics" name="test_portfolio_monthly_performance" time="0.122" /><testcase classname="backend.tests.test_new_features.TestAuditLog" name="test_get_audit_logs" time="0.447" /><testcase classname="backend.tests.test_new_features.TestAuditLog" name="test_get_audit_logs_with_filters" time="0.106" /><testcase classname="backend.tests.test_new_features.TestAuditLog" name="test_get_audit_actions" time="0.119" /><testcase classname="backend.tests.test_new_features.TestAuditLog" name="test_get_audit_resource_types" time="0.150" /><testcase classname="backend.tests.test_new_features.TestRecurringTransactions" name="test_get_recurring_status" time="0.519" /><testcase classname="backend.tests.test_new_features.TestRecurringTransactions" name="test_get_recurring_settings" time="0.202" /><testcase classname="backend.tests.test_new_features.TestRecurringTransactions" name="test_update_recurring_settings" time="0.138" /><testcase classname="backend.tests.test_new_features.TestMultitenancy" name="test_cross_entity_summary" time="0.486" /><testcase classname="backend.tests.test_new_features.TestMultitenancy" name="test_entity_comparison" time="0.112" /><testcase classname="backend.tests.test_new_features.TestPDFExport" name="test_export_dashboard_pdf" time="0.750" /><testcase classname="backend.tests.test_new_features.TestPDFExport" name="test_export_transactions_pdf" time="0.138" /><testcase classname="backend.tests.test_new_features.TestPDFExport" name="test_export_transactions_pdf_with_dates" time="0.107" /><testcase classname="backend.tests.test_new_features.TestPDFExport" name="test_export_portfolio_pdf" time="0.223" /><testcase classname="backend.tests.test_new_features.TestPWAManifest" name="test_manifest_json" time="0.307" /><testcase classname="backend.tests.test_new_features.TestPWAManifest" name="test_service_worker" time="0.141" /><testcase classname="backend.tests.test_new_features.TestExistingFeatures" name="test_health_check" time="0.108" /><testcase classname="backend.tests.test_new_features.TestExistingFeatures" name="test_dashboard_unified" time="0.464" /><testcase classname="backend.tests.test_new_features.TestExistingFeatures" name="test_accounts_list" time="0.105" /><testcase classname="backend.tests.test_new_features.TestExistingFeatures" name="test_income_list" time="0.108" /><testcase classname="backend.tests.test_new_features.TestExistingFeatures" name="test_expenses_list" time="0.112" /><testcase classname="backend.tests.test_new_features.TestExistingFeatures" name="test_debts_list" time="0.108" /><testcase classname="backend.tests.test_new_features.TestExistingFeatures" name="test_transactions_list" time="0.125" /><testcase classname="backend.tests.test_new_features.TestExistingFeatures" name="test_entities_list" time="0.102" /></testsuite></testsuites>