<?xml version="1.0" encoding="utf-8"?><testsuites name="pytest tests"><testsuite name="pytest" errors="0" failures="0" skipped="0" tests="6" time="1.769" timestamp="2026-04-08T22:51:48.346839+00:00" hostname="agent-env-a537883e-e768-4a51-8d23-1e87c6e46e3a"><testcase classname="backend.tests.test_preview_api.TestPreviewAPIHealth" name="test_api_health_endpoint" time="0.173" /><testcase classname="backend.tests.test_preview_api.TestPreviewAPIHealth" name="test_auth_health_endpoint" time="0.099" /><testcase classname="backend.tests.test_preview_api.TestPreviewAPIAuth" name="test_login_with_demo_credentials" time="0.352" /><testcase classname="backend.tests.test_preview_api.TestPreviewAPIAuth" name="test_login_with_invalid_credentials" time="0.107" /><testcase classname="backend.tests.test_preview_api.TestPreviewAPIDashboard" name="test_entities_endpoint" time="0.466" /><testcase classname="backend.tests.test_preview_api.TestPreviewAPIDashboard" name="test_dashboard_unified_endpoint" time="0.505" /></testsuite></testsuites>