<?xml version="1.0" encoding="utf-8"?><testsuites name="pytest tests"><testsuite name="pytest" errors="0" failures="0" skipped="0" tests="42" time="20.110" timestamp="2026-04-08T21:23:12.534796+00:00" hostname="agent-env-8f53c322-796d-4f03-a123-6ac61b95b4c2"><testcase classname="backend.tests.test_blackiefi_api.TestAuthEndpoints" name="test_health_check" time="0.158" /><testcase classname="backend.tests.test_blackiefi_api.TestAuthEndpoints" name="test_auth_health" time="0.136" /><testcase classname="backend.tests.test_blackiefi_api.TestAuthEndpoints" name="test_login_demo_user" time="0.354" /><testcase classname="backend.tests.test_blackiefi_api.TestAuthEndpoints" name="test_login_invalid_credentials" time="0.399" /><testcase classname="backend.tests.test_blackiefi_api.TestAuthEndpoints" name="test_register_new_user" time="0.343" /><testcase classname="backend.tests.test_blackiefi_api.TestAuthEndpoints" name="test_get_current_user" time="0.452" /><testcase classname="backend.tests.test_blackiefi_api.TestIncomeEndpoints" name="test_list_income" time="0.489" /><testcase classname="backend.tests.test_blackiefi_api.TestIncomeEndpoints" name="test_create_income" time="0.908" /><testcase classname="backend.tests.test_blackiefi_api.TestIncomeEndpoints" name="test_update_income" time="0.605" /><testcase classname="backend.tests.test_blackiefi_api.TestIncomeEndpoints" name="test_delete_income" time="0.529" /><testcase classname="backend.tests.test_blackiefi_api.TestIncomeEndpoints" name="test_receive_income" time="0.552" /><testcase classname="backend.tests.test_blackiefi_api.TestExpenseEndpoints" name="test_list_expenses" time="0.460" /><testcase classname="backend.tests.test_blackiefi_api.TestExpenseEndpoints" name="test_create_expense" time="0.444" /><testcase classname="backend.tests.test_blackiefi_api.TestExpenseEndpoints" name="test_pay_expense" time="0.576" /><testcase classname="backend.tests.test_blackiefi_api.TestDebtEndpoints" name="test_list_debts" time="0.454" /><testcase classname="backend.tests.test_blackiefi_api.TestDebtEndpoints" name="test_create_debt" time="0.465" /><testcase classname="backend.tests.test_blackiefi_api.TestDebtEndpoints" name="test_make_debt_payment" time="0.578" /><testcase classname="backend.tests.test_blackiefi_api.TestAccountEndpoints" name="test_list_accounts" time="0.454" /><testcase classname="backend.tests.test_blackiefi_api.TestAccountEndpoints" name="test_create_account" time="0.439" /><testcase classname="backend.tests.test_blackiefi_api.TestAccountEndpoints" name="test_update_account" time="0.573" /><testcase classname="backend.tests.test_blackiefi_api.TestInvestmentEndpoints" name="test_list_vehicles" time="0.461" /><testcase classname="backend.tests.test_blackiefi_api.TestInvestmentEndpoints" name="test_create_vehicle" time="0.441" /><testcase classname="backend.tests.test_blackiefi_api.TestInvestmentEndpoints" name="test_create_holding" time="0.608" /><testcase classname="backend.tests.test_blackiefi_api.TestBudgetEndpoints" name="test_list_budgets" time="0.448" /><testcase classname="backend.tests.test_blackiefi_api.TestBudgetEndpoints" name="test_create_budget" time="0.485" /><testcase classname="backend.tests.test_blackiefi_api.TestBudgetEndpoints" name="test_copy_budget" time="0.573" /><testcase classname="backend.tests.test_blackiefi_api.TestCalendarEndpoints" name="test_get_calendar_events" time="0.446" /><testcase classname="backend.tests.test_blackiefi_api.TestCalendarEndpoints" name="test_create_calendar_event" time="0.470" /><testcase classname="backend.tests.test_blackiefi_api.TestCalendarEndpoints" name="test_delete_calendar_event" time="0.572" /><testcase classname="backend.tests.test_blackiefi_api.TestSavingsFundEndpoints" name="test_list_savings_funds" time="0.454" /><testcase classname="backend.tests.test_blackiefi_api.TestSavingsFundEndpoints" name="test_create_savings_fund" time="0.441" /><testcase classname="backend.tests.test_blackiefi_api.TestSavingsFundEndpoints" name="test_contribute_to_fund" time="0.553" /><testcase classname="backend.tests.test_blackiefi_api.TestDashboardEndpoints" name="test_unified_dashboard" time="0.504" /><testcase classname="backend.tests.test_blackiefi_api.TestDashboardEndpoints" name="test_entity_dashboard" time="0.471" /><testcase classname="backend.tests.test_blackiefi_api.TestEntityEndpoints" name="test_list_entities" time="0.460" /><testcase classname="backend.tests.test_blackiefi_api.TestEntityEndpoints" name="test_create_business_entity" time="0.463" /><testcase classname="backend.tests.test_blackiefi_api.TestEntityEndpoints" name="test_get_entity_users" time="0.467" /><testcase classname="backend.tests.test_blackiefi_api.TestCategoryEndpoints" name="test_list_categories" time="0.437" /><testcase classname="backend.tests.test_blackiefi_api.TestCategoryEndpoints" name="test_create_category" time="0.438" /><testcase classname="backend.tests.test_blackiefi_api.TestRoleEndpoints" name="test_list_roles" time="0.587" /><testcase classname="backend.tests.test_blackiefi_api.TestTransactionEndpoints" name="test_list_transactions" time="0.442" /><testcase classname="backend.tests.test_blackiefi_api.TestTransactionEndpoints" name="test_create_transaction" time="0.430" /></testsuite></testsuites>