<?xml version="1.0" encoding="utf-8"?><testsuites name="pytest tests"><testsuite name="pytest" errors="0" failures="0" skipped="0" tests="18" time="6.247" timestamp="2026-03-02T09:19:56.957886+00:00" hostname="agent-env-69a9b29c-a9e1-4ece-bb44-f1718150b38c"><testcase classname="backend.tests.test_monolith_api.TestHealthEndpoint" name="test_health_check" time="0.175" /><testcase classname="backend.tests.test_monolith_api.TestAuthEndpoints" name="test_login_success" time="0.354" /><testcase classname="backend.tests.test_monolith_api.TestAuthEndpoints" name="test_login_invalid_credentials" time="0.117" /><testcase classname="backend.tests.test_monolith_api.TestEntitiesEndpoint" name="test_list_entities" time="0.466" /><testcase classname="backend.tests.test_monolith_api.TestEntitiesEndpoint" name="test_entities_unauthorized" time="0.112" /><testcase classname="backend.tests.test_monolith_api.TestAccountsEndpoint" name="test_list_accounts" time="0.432" /><testcase classname="backend.tests.test_monolith_api.TestAccountsEndpoint" name="test_accounts_unauthorized" time="0.093" /><testcase classname="backend.tests.test_monolith_api.TestAssetsEndpoint" name="test_list_assets" time="0.423" /><testcase classname="backend.tests.test_monolith_api.TestAssetsEndpoint" name="test_assets_unauthorized" time="0.107" /><testcase classname="backend.tests.test_monolith_api.TestCategoriesEndpoint" name="test_list_categories" time="0.426" /><testcase classname="backend.tests.test_monolith_api.TestTransactionsEndpoint" name="test_list_transactions" time="0.428" /><testcase classname="backend.tests.test_monolith_api.TestBudgetsEndpoint" name="test_list_budgets" time="0.422" /><testcase classname="backend.tests.test_monolith_api.TestGoalsEndpoint" name="test_list_goals" time="0.437" /><testcase classname="backend.tests.test_monolith_api.TestDebtsEndpoint" name="test_list_debts" time="0.432" /><testcase classname="backend.tests.test_monolith_api.TestInvestmentsEndpoint" name="test_list_investment_vehicles" time="0.448" /><testcase classname="backend.tests.test_monolith_api.TestInvestmentsEndpoint" name="test_list_investment_holdings" time="0.454" /><testcase classname="backend.tests.test_monolith_api.TestBillsEndpoint" name="test_list_bills" time="0.420" /><testcase classname="backend.tests.test_monolith_api.TestNotificationsEndpoint" name="test_list_notifications" time="0.431" /></testsuite></testsuites>