<?xml version="1.0" encoding="utf-8"?><testsuites name="pytest tests"><testsuite name="pytest" errors="0" failures="0" skipped="0" tests="14" time="2.381" timestamp="2026-02-27T04:53:16.323196+00:00" hostname="agent-env-917a3a88-a0e0-49a7-8295-49891a22290f"><testcase classname="backend.tests.test_notifications_and_imports.TestSetup" name="test_health_check" time="0.143" /><testcase classname="backend.tests.test_notifications_and_imports.TestNotificationsAPI" name="test_get_notifications" time="0.444" /><testcase classname="backend.tests.test_notifications_and_imports.TestNotificationsAPI" name="test_get_notifications_with_params" time="0.125" /><testcase classname="backend.tests.test_notifications_and_imports.TestNotificationsAPI" name="test_get_unread_count" time="0.117" /><testcase classname="backend.tests.test_notifications_and_imports.TestNotificationsAPI" name="test_get_notification_preferences" time="0.127" /><testcase classname="backend.tests.test_notifications_and_imports.TestNotificationsAPI" name="test_update_notification_preferences" time="0.116" /><testcase classname="backend.tests.test_notifications_and_imports.TestNotificationsAPI" name="test_check_alerts" time="0.225" /><testcase classname="backend.tests.test_notifications_and_imports.TestNotificationsAPI" name="test_mark_all_read" time="0.109" /><testcase classname="backend.tests.test_notifications_and_imports.TestImportsAPI" name="test_get_import_batches" time="0.462" /><testcase classname="backend.tests.test_notifications_and_imports.TestImportsAPI" name="test_pdf_endpoint_exists" time="0.329" /><testcase classname="backend.tests.test_notifications_and_imports.TestImportsAPI" name="test_csv_endpoint_exists" time="0.123" /><testcase classname="backend.tests.test_notifications_and_imports.TestCodeCleanup" name="test_no_go_files_in_backend" time="0.006" /><testcase classname="backend.tests.test_notifications_and_imports.TestREADME" name="test_readme_exists" time="0.000" /><testcase classname="backend.tests.test_notifications_and_imports.TestREADME" name="test_readme_has_demo_credentials" time="0.000" /></testsuite></testsuites>