<?xml version="1.0" encoding="utf-8"?><testsuites name="pytest tests"><testsuite name="pytest" errors="0" failures="0" skipped="0" tests="24" time="6.072" timestamp="2026-02-27T04:29:35.545957+00:00" hostname="agent-env-917a3a88-a0e0-49a7-8295-49891a22290f"><testcase classname="backend.tests.test_new_features.TestAuth" name="test_login_success" time="0.357" /><testcase classname="backend.tests.test_new_features.TestBillsAPI" name="test_get_bills" time="0.441" /><testcase classname="backend.tests.test_new_features.TestBillsAPI" name="test_get_bills_with_entity" time="0.233" /><testcase classname="backend.tests.test_new_features.TestBillsAPI" name="test_create_bill" time="0.113" /><testcase classname="backend.tests.test_new_features.TestReportsAPI" name="test_generate_profit_loss_report" time="0.574" /><testcase classname="backend.tests.test_new_features.TestReportsAPI" name="test_generate_balance_sheet_report" time="0.131" /><testcase classname="backend.tests.test_new_features.TestReportsAPI" name="test_generate_cash_flow_report" time="0.104" /><testcase classname="backend.tests.test_new_features.TestReportsAPI" name="test_generate_budget_vs_actual_report" time="0.134" /><testcase classname="backend.tests.test_new_features.TestReportsAPI" name="test_get_report_presets" time="0.252" /><testcase classname="backend.tests.test_new_features.TestTaxAPI" name="test_get_tax_scenarios" time="0.622" /><testcase classname="backend.tests.test_new_features.TestTaxAPI" name="test_create_tax_scenario" time="0.109" /><testcase classname="backend.tests.test_new_features.TestGroupsAPI" name="test_get_groups" time="0.441" /><testcase classname="backend.tests.test_new_features.TestGroupsAPI" name="test_create_group" time="0.120" /><testcase classname="backend.tests.test_new_features.TestFinancialProfilesAPI" name="test_get_financial_profiles" time="0.458" /><testcase classname="backend.tests.test_new_features.TestFinancialProfilesAPI" name="test_create_financial_profile" time="0.212" /><testcase classname="backend.tests.test_new_features.TestImportsAPI" name="test_get_import_batches" time="0.447" /><testcase classname="backend.tests.test_new_features.TestNavigationPages" name="test_health_endpoint" time="0.122" /><testcase classname="backend.tests.test_new_features.TestNavigationPages" name="test_entities_endpoint" time="0.464" /><testcase classname="backend.tests.test_new_features.TestNavigationPages" name="test_accounts_endpoint" time="0.105" /><testcase classname="backend.tests.test_new_features.TestNavigationPages" name="test_categories_endpoint" time="0.104" /><testcase classname="backend.tests.test_new_features.TestNavigationPages" name="test_transactions_endpoint" time="0.109" /><testcase classname="backend.tests.test_new_features.TestNavigationPages" name="test_budgets_endpoint" time="0.116" /><testcase classname="backend.tests.test_new_features.TestNavigationPages" name="test_debts_endpoint" time="0.130" /><testcase classname="backend.tests.test_new_features.TestNavigationPages" name="test_recurring_endpoint" time="0.111" /></testsuite></testsuites>