<?xml version="1.0" encoding="utf-8"?><testsuites name="pytest tests"><testsuite name="pytest" errors="0" failures="0" skipped="0" tests="16" time="3.281" timestamp="2026-02-28T10:55:39.803203+00:00" hostname="agent-env-91cef4e2-307d-4b2c-9e07-cc6aa3fa06ec"><testcase classname="tests.test_budgets.TestBudgetAPI" name="test_list_budgets" time="0.578" /><testcase classname="tests.test_budgets.TestBudgetAPI" name="test_get_budget_by_month" time="0.151" /><testcase classname="tests.test_budgets.TestBudgetAPI" name="test_create_budget" time="0.302" /><testcase classname="tests.test_budgets.TestBudgetAPI" name="test_create_duplicate_budget_fails" time="0.289" /><testcase classname="tests.test_budgets.TestBudgetAPI" name="test_get_single_budget" time="0.157" /><testcase classname="tests.test_budgets.TestBudgetAPI" name="test_get_nonexistent_budget" time="0.086" /><testcase classname="tests.test_budgets.TestBudgetAPI" name="test_update_budget" time="0.435" /><testcase classname="tests.test_budgets.TestBudgetAPI" name="test_update_category_budgets" time="0.381" /><testcase classname="tests.test_budgets.TestBudgetAPI" name="test_delete_budget" time="0.285" /><testcase classname="tests.test_budgets.TestBudgetAPI" name="test_delete_nonexistent_budget" time="0.079" /><testcase classname="tests.test_budgets.TestBudgetLinkedData" name="test_get_goals_for_budget" time="0.074" /><testcase classname="tests.test_budgets.TestBudgetLinkedData" name="test_get_debts_for_budget" time="0.078" /><testcase classname="tests.test_budgets.TestBudgetLinkedData" name="test_get_bills_for_budget" time="0.078" /><testcase classname="tests.test_budgets.TestBudgetLinkedData" name="test_get_accounts_for_available_funds" time="0.074" /><testcase classname="tests.test_budgets.TestBudgetLinkedData" name="test_get_transactions_for_spending" time="0.075" /><testcase classname="tests.test_budgets.TestBudgetLinkedData" name="test_get_categories_for_budget" time="0.079" /></testsuite></testsuites>