<?xml version="1.0" encoding="utf-8"?><testsuites name="pytest tests"><testsuite name="pytest" errors="0" failures="0" skipped="0" tests="15" time="9.431" timestamp="2026-02-27T05:27:03.060702+00:00" hostname="agent-env-91cef4e2-307d-4b2c-9e07-cc6aa3fa06ec"><testcase classname="tests.test_notifications_ui.TestNotificationsAPI" name="test_get_notifications" time="0.632" /><testcase classname="tests.test_notifications_ui.TestNotificationsAPI" name="test_get_notifications_with_limit" time="0.596" /><testcase classname="tests.test_notifications_ui.TestNotificationsAPI" name="test_get_notifications_unread_only" time="0.545" /><testcase classname="tests.test_notifications_ui.TestNotificationsAPI" name="test_get_unread_count" time="0.572" /><testcase classname="tests.test_notifications_ui.TestNotificationsAPI" name="test_get_notification_preferences" time="0.617" /><testcase classname="tests.test_notifications_ui.TestNotificationsAPI" name="test_update_notification_preferences" time="0.861" /><testcase classname="tests.test_notifications_ui.TestNotificationsAPI" name="test_check_alerts" time="0.555" /><testcase classname="tests.test_notifications_ui.TestNotificationsAPI" name="test_mark_all_notifications_read" time="0.559" /><testcase classname="tests.test_notifications_ui.TestNotificationsAPI" name="test_mark_notifications_read" time="0.583" /><testcase classname="tests.test_notifications_ui.TestNotificationsAPI" name="test_notification_preferences_validation" time="0.801" /><testcase classname="tests.test_notifications_ui.TestAIInsightsAPI" name="test_get_ai_status" time="0.581" /><testcase classname="tests.test_notifications_ui.TestAIInsightsAPI" name="test_ai_anomalies_endpoint_exists" time="0.550" /><testcase classname="tests.test_notifications_ui.TestAIInsightsAPI" name="test_ai_forecast_endpoint_exists" time="0.603" /><testcase classname="tests.test_notifications_ui.TestAIInsightsAPI" name="test_ai_savings_endpoint_exists" time="0.547" /><testcase classname="tests.test_notifications_ui.TestBudgetAlertLogic" name="test_transaction_creation_triggers_alert_check" time="0.753" /></testsuite></testsuites>