<?xml version="1.0" encoding="utf-8"?><testsuites name="pytest tests"><testsuite name="pytest" errors="0" failures="0" skipped="0" tests="18" time="7.165" timestamp="2026-03-25T08:18:30.161469+00:00" hostname="agent-env-9efb2c03-1c11-41f7-8f1e-8771eaaaac96"><testcase classname="tests.test_rbac_storage.TestAdminAuth" name="test_admin_login_success" time="0.234" /><testcase classname="tests.test_rbac_storage.TestAdminAuth" name="test_admin_login_invalid_credentials" time="0.004" /><testcase classname="tests.test_rbac_storage.TestStorageSettings" name="test_get_storage_settings_admin" time="0.234" /><testcase classname="tests.test_rbac_storage.TestStorageSettings" name="test_get_storage_settings_non_admin_forbidden" time="0.237" /><testcase classname="tests.test_rbac_storage.TestStorageSettings" name="test_update_storage_settings" time="0.263" /><testcase classname="tests.test_rbac_storage.TestAdminUserManagement" name="test_list_users_admin" time="0.231" /><testcase classname="tests.test_rbac_storage.TestAdminUserManagement" name="test_create_user_admin" time="0.469" /><testcase classname="tests.test_rbac_storage.TestAdminUserManagement" name="test_create_user_duplicate_username" time="0.954" /><testcase classname="tests.test_rbac_storage.TestAdminUserManagement" name="test_update_user_role" time="0.476" /><testcase classname="tests.test_rbac_storage.TestEntityAccessGrants" name="test_grant_entity_access" time="0.474" /><testcase classname="tests.test_rbac_storage.TestEntityAccessGrants" name="test_list_user_entity_access" time="0.481" /><testcase classname="tests.test_rbac_storage.TestEntityAccessGrants" name="test_revoke_entity_access" time="0.485" /><testcase classname="tests.test_rbac_storage.TestRBACEntityAccess" name="test_user_can_list_granted_entities" time="0.730" /><testcase classname="tests.test_rbac_storage.TestRBACEntityAccess" name="test_user_can_access_granted_entity" time="0.715" /><testcase classname="tests.test_rbac_storage.TestDocumentUploadWithoutStorage" name="test_document_upload_returns_503_without_storage" time="0.245" /><testcase classname="tests.test_rbac_storage.TestAdminEntitiesList" name="test_list_all_entities_admin" time="0.237" /><testcase classname="tests.test_rbac_storage.TestEntityDetailsNewFields" name="test_update_personal_entity_with_new_fields" time="0.259" /><testcase classname="tests.test_rbac_storage.TestEntityDetailsNewFields" name="test_create_business_entity_with_new_fields" time="0.317" /></testsuite></testsuites>