<?xml version="1.0" encoding="utf-8"?><testsuites name="pytest tests"><testsuite name="pytest" errors="0" failures="0" skipped="0" tests="15" time="9.559" timestamp="2026-03-31T06:11:37.760017+00:00" hostname="agent-env-9efb2c03-1c11-41f7-8f1e-8771eaaaac96"><testcase classname="tests.test_security_hardening.TestAuthWithJWTSecret" name="test_register_works_with_jwt_secret" time="0.402" /><testcase classname="tests.test_security_hardening.TestAuthWithJWTSecret" name="test_login_works_with_jwt_secret" time="0.333" /><testcase classname="tests.test_security_hardening.TestPasswordResetTokenHashing" name="test_password_reset_request_no_token_returned" time="0.435" /><testcase classname="tests.test_security_hardening.TestPasswordResetTokenHashing" name="test_password_reset_with_valid_token_works" time="0.103" /><testcase classname="tests.test_security_hardening.TestRateLimiting" name="test_login_rate_limiting" time="1.579" /><testcase classname="tests.test_security_hardening.TestRateLimiting" name="test_register_rate_limiting" time="2.647" /><testcase classname="tests.test_security_hardening.TestRateLimiting" name="test_password_reset_rate_limiting" time="0.844" /><testcase classname="tests.test_security_hardening.TestMetricsEndpointProtection" name="test_metrics_returns_401_without_token" time="0.098" /><testcase classname="tests.test_security_hardening.TestMetricsEndpointProtection" name="test_metrics_returns_401_with_wrong_token" time="0.106" /><testcase classname="tests.test_security_hardening.TestMetricsEndpointProtection" name="test_metrics_returns_200_with_correct_token" time="0.097" /><testcase classname="tests.test_security_hardening.TestStorageSettingsEncryption" name="test_storage_settings_returns_access_key_last4_only" time="0.418" /><testcase classname="tests.test_security_hardening.TestStorageSettingsEncryption" name="test_storage_get_returns_masked_credentials" time="0.440" /><testcase classname="tests.test_security_hardening.TestUploadSizeLimit" name="test_upload_rejects_oversized_file" time="1.377" /><testcase classname="tests.test_security_hardening.TestUploadSizeLimit" name="test_upload_accepts_small_file" time="0.547" /><testcase classname="tests.test_security_hardening.TestCORSRestriction" name="test_cors_headers_present" time="0.069" /></testsuite></testsuites>