<?xml version="1.0" encoding="utf-8"?><testsuites name="pytest tests"><testsuite name="pytest" errors="0" failures="1" skipped="0" tests="16" time="7.654" timestamp="2026-03-02T19:31:42.136124+00:00" hostname="agent-env-9c2f8797-bf97-4893-a549-b45e252c7359"><testcase classname="tests.test_phase4_institutional.TestAuthAuditLogging" name="test_login_creates_audit_entry" time="0.653" /><testcase classname="tests.test_phase4_institutional.TestAuditLogsAPI" name="test_get_audit_logs" time="0.575" /><testcase classname="tests.test_phase4_institutional.TestAuditLogsAPI" name="test_get_audit_logs_with_filters" time="0.441" /><testcase classname="tests.test_phase4_institutional.TestAuditLogsAPI" name="test_get_audit_statistics" time="0.468" /><testcase classname="tests.test_phase4_institutional.TestAuditLogsAPI" name="test_get_my_activity" time="0.449" /><testcase classname="tests.test_phase4_institutional.TestAuditLogsAPI" name="test_get_security_events_admin_only" time="0.435" /><testcase classname="tests.test_phase4_institutional.TestAuditLogsAPI" name="test_get_audit_actions" time="0.559"><failure message="AssertionError: assert False&#10; +  where False = isinstance({'account': [{'name': 'ACCOUNT_CREATED', 'value': 'account.created'}, {'name': 'ACCOUNT_UPDATED', 'value': 'account.updated'}, {'name': 'ACCOUNT_DELETED', 'value': 'account.deleted'}], 'admin': [{'name': 'SETTINGS_UPDATED', 'value': 'admin.settings_updated'}, {'name': 'LLM_CONFIG_CHANGED', 'value': 'admin.llm_config_changed'}, {'name': 'GROUP_CREATED', 'value': 'admin.group_created'}, {'name': 'GROUP_UPDATED', 'value': 'admin.group_updated'}], 'ai': [{'name': 'AI_ANALYSIS_REQUESTED', 'value': 'ai.analysis_requested'}, {'name': 'AI_CHAT_MESSAGE', 'value': 'ai.chat_message'}, {'name': 'DOCUMENT_UPLOADED', 'value': 'ai.document_uploaded'}, {'name': 'DOCUMENT_DELETED', 'value': 'ai.document_deleted'}], 'asset': [{'name': 'ASSET_CREATED', 'value': 'asset.created'}, {'name': 'ASSET_UPDATED', 'value': 'asset.updated'}, {'name': 'ASSET_DELETED', 'value': 'asset.deleted'}], ...}, list)">tests/test_phase4_institutional.py:136: in test_get_audit_actions
    assert isinstance(data["actions"], list)
E   AssertionError: assert False
E    +  where False = isinstance({'account': [{'name': 'ACCOUNT_CREATED', 'value': 'account.created'}, {'name': 'ACCOUNT_UPDATED', 'value': 'account.updated'}, {'name': 'ACCOUNT_DELETED', 'value': 'account.deleted'}], 'admin': [{'name': 'SETTINGS_UPDATED', 'value': 'admin.settings_updated'}, {'name': 'LLM_CONFIG_CHANGED', 'value': 'admin.llm_config_changed'}, {'name': 'GROUP_CREATED', 'value': 'admin.group_created'}, {'name': 'GROUP_UPDATED', 'value': 'admin.group_updated'}], 'ai': [{'name': 'AI_ANALYSIS_REQUESTED', 'value': 'ai.analysis_requested'}, {'name': 'AI_CHAT_MESSAGE', 'value': 'ai.chat_message'}, {'name': 'DOCUMENT_UPLOADED', 'value': 'ai.document_uploaded'}, {'name': 'DOCUMENT_DELETED', 'value': 'ai.document_deleted'}], 'asset': [{'name': 'ASSET_CREATED', 'value': 'asset.created'}, {'name': 'ASSET_UPDATED', 'value': 'asset.updated'}, {'name': 'ASSET_DELETED', 'value': 'asset.deleted'}], ...}, list)</failure></testcase><testcase classname="tests.test_phase4_institutional.TestBackupAPI" name="test_list_backups" time="0.470" /><testcase classname="tests.test_phase4_institutional.TestBackupAPI" name="test_get_database_stats" time="0.524" /><testcase classname="tests.test_phase4_institutional.TestBackupAPI" name="test_create_backup" time="0.499" /><testcase classname="tests.test_phase4_institutional.TestBackupAPI" name="test_delete_backup" time="0.667" /><testcase classname="tests.test_phase4_institutional.TestPrometheusMetrics" name="test_metrics_endpoint_returns_prometheus_format" time="0.007" /><testcase classname="tests.test_phase4_institutional.TestNonAdminAccess" name="test_demo_user_can_access_my_activity" time="0.393" /><testcase classname="tests.test_phase4_institutional.TestNonAdminAccess" name="test_demo_user_can_access_audit_logs" time="0.401" /><testcase classname="tests.test_phase4_institutional.TestAuditLogIntegrity" name="test_audit_logs_have_checksums" time="0.417" /><testcase classname="tests.test_phase4_institutional.TestAuditLogIntegrity" name="test_verify_audit_log_integrity" time="0.463" /></testsuite></testsuites>