<?xml version="1.0" encoding="utf-8"?><testsuites name="pytest tests"><testsuite name="pytest" errors="0" failures="0" skipped="0" tests="14" time="9.256" timestamp="2026-03-02T17:21:59.249876+00:00" hostname="agent-env-69a9b29c-a9e1-4ece-bb44-f1718150b38c"><testcase classname="tests.test_knowledge_lab.TestKnowledgeLab" name="test_knowledge_stats" time="0.475" /><testcase classname="tests.test_knowledge_lab.TestKnowledgeLab" name="test_list_documents" time="0.454" /><testcase classname="tests.test_knowledge_lab.TestKnowledgeLab" name="test_upload_txt_document" time="0.600" /><testcase classname="tests.test_knowledge_lab.TestKnowledgeLab" name="test_upload_csv_document" time="0.741" /><testcase classname="tests.test_knowledge_lab.TestKnowledgeLab" name="test_upload_duplicate_detection" time="0.708" /><testcase classname="tests.test_knowledge_lab.TestKnowledgeLab" name="test_upload_unsupported_format" time="0.531" /><testcase classname="tests.test_knowledge_lab.TestKnowledgeLab" name="test_get_single_document" time="0.587" /><testcase classname="tests.test_knowledge_lab.TestKnowledgeLab" name="test_get_nonexistent_document" time="0.401" /><testcase classname="tests.test_knowledge_lab.TestKnowledgeLab" name="test_delete_document" time="0.634" /><testcase classname="tests.test_knowledge_lab.TestKnowledgeLab" name="test_filter_by_file_type" time="0.422" /><testcase classname="tests.test_knowledge_lab.TestKnowledgeLab" name="test_filter_by_tag" time="0.673" /><testcase classname="tests.test_knowledge_lab.TestKnowledgeLab" name="test_analyze_document_ai_disabled" time="0.995" /><testcase classname="tests.test_knowledge_lab.TestKnowledgeLabFileTypes" name="test_supported_document_formats" time="1.264" /><testcase classname="tests.test_knowledge_lab.TestKnowledgeLabFileTypes" name="test_image_format_detection" time="0.577" /></testsuite></testsuites>