<?xml version="1.0" encoding="utf-8"?><testsuites name="pytest tests"><testsuite name="pytest" errors="0" failures="0" skipped="0" tests="19" time="4.890" timestamp="2026-02-27T02:38:22.419535+00:00" hostname="agent-env-917a3a88-a0e0-49a7-8295-49891a22290f"><testcase classname="backend.tests.test_admin_llm.TestAuthEndpoints" name="test_admin_login_success" time="0.227" /><testcase classname="backend.tests.test_admin_llm.TestAuthEndpoints" name="test_login_invalid_credentials" time="0.003" /><testcase classname="backend.tests.test_admin_llm.TestLLMProvidersEndpoint" name="test_get_providers_as_admin" time="0.271" /><testcase classname="backend.tests.test_admin_llm.TestLLMProvidersEndpoint" name="test_get_providers_non_admin_forbidden" time="0.229" /><testcase classname="backend.tests.test_admin_llm.TestLLMProvidersEndpoint" name="test_get_providers_unauthenticated" time="0.002" /><testcase classname="backend.tests.test_admin_llm.TestProviderModelsEndpoint" name="test_get_emergent_models" time="0.269" /><testcase classname="backend.tests.test_admin_llm.TestProviderModelsEndpoint" name="test_get_openrouter_models" time="0.269" /><testcase classname="backend.tests.test_admin_llm.TestProviderModelsEndpoint" name="test_get_ollama_models" time="0.268" /><testcase classname="backend.tests.test_admin_llm.TestUpdateProviderConfig" name="test_enable_provider" time="0.311" /><testcase classname="backend.tests.test_admin_llm.TestUpdateProviderConfig" name="test_disable_provider" time="0.268" /><testcase classname="backend.tests.test_admin_llm.TestUpdateProviderConfig" name="test_update_default_model" time="0.356" /><testcase classname="backend.tests.test_admin_llm.TestUpdateProviderConfig" name="test_update_invalid_provider" time="0.267" /><testcase classname="backend.tests.test_admin_llm.TestUpdateProviderConfig" name="test_update_provider_non_admin_forbidden" time="0.227" /><testcase classname="backend.tests.test_admin_llm.TestSetActiveProvider" name="test_set_active_provider" time="0.358" /><testcase classname="backend.tests.test_admin_llm.TestSetActiveProvider" name="test_set_active_disabled_provider_fails" time="0.312" /><testcase classname="backend.tests.test_admin_llm.TestSetActiveProvider" name="test_set_active_invalid_provider" time="0.269" /><testcase classname="backend.tests.test_admin_llm.TestSetActiveProvider" name="test_set_active_non_admin_forbidden" time="0.228" /><testcase classname="backend.tests.test_admin_llm.TestSystemSettings" name="test_get_settings" time="0.272" /><testcase classname="backend.tests.test_admin_llm.TestSystemSettings" name="test_toggle_system_ai" time="0.399" /></testsuite></testsuites>