<?xml version="1.0" encoding="utf-8"?><testsuites name="pytest tests"><testsuite name="pytest" errors="0" failures="0" skipped="0" tests="9" time="1.016" timestamp="2026-03-31T06:18:20.373911+00:00" hostname="agent-env-9efb2c03-1c11-41f7-8f1e-8771eaaaac96"><testcase classname="tests.test_post_security_fix.TestAIStatusEndpoint" name="test_ai_status_requires_auth" time="0.007" /><testcase classname="tests.test_post_security_fix.TestAIStatusEndpoint" name="test_ai_status_returns_expected_structure" time="0.251" /><testcase classname="tests.test_post_security_fix.TestMetricsEndpoint" name="test_metrics_401_without_token" time="0.002" /><testcase classname="tests.test_post_security_fix.TestMetricsEndpoint" name="test_metrics_401_with_wrong_token" time="0.002" /><testcase classname="tests.test_post_security_fix.TestMetricsEndpoint" name="test_metrics_200_with_correct_token" time="0.003" /><testcase classname="tests.test_post_security_fix.TestAuthEndpoints" name="test_login_success" time="0.231" /><testcase classname="tests.test_post_security_fix.TestAuthEndpoints" name="test_login_invalid_credentials" time="0.231" /><testcase classname="tests.test_post_security_fix.TestAuthEndpoints" name="test_register_new_user" time="0.232" /><testcase classname="tests.test_post_security_fix.TestHealthEndpoint" name="test_health_check" time="0.002" /></testsuite></testsuites>