<?xml version="1.0" encoding="utf-8"?><testsuites name="pytest tests"><testsuite name="pytest" errors="0" failures="4" skipped="0" tests="17" time="5.953" timestamp="2026-03-02T09:18:54.044881+00:00" hostname="agent-env-69a9b29c-a9e1-4ece-bb44-f1718150b38c"><testcase classname="backend.tests.test_monolith_api.TestHealthEndpoint" name="test_health_check" time="0.198" /><testcase classname="backend.tests.test_monolith_api.TestAuthEndpoints" name="test_login_success" time="0.352" /><testcase classname="backend.tests.test_monolith_api.TestAuthEndpoints" name="test_login_invalid_credentials" time="0.096" /><testcase classname="backend.tests.test_monolith_api.TestEntitiesEndpoint" name="test_list_entities" time="0.431" /><testcase classname="backend.tests.test_monolith_api.TestEntitiesEndpoint" name="test_entities_unauthorized" time="0.138"><failure message="assert 403 == 401&#10; +  where 403 = &lt;Response [403]&gt;.status_code">backend/tests/test_monolith_api.py:86: in test_entities_unauthorized
    assert response.status_code == 401
E   assert 403 == 401
E    +  where 403 = &lt;Response [403]&gt;.status_code</failure></testcase><testcase classname="backend.tests.test_monolith_api.TestAccountsEndpoint" name="test_list_accounts" time="0.460" /><testcase classname="backend.tests.test_monolith_api.TestAccountsEndpoint" name="test_accounts_unauthorized" time="0.110"><failure message="assert 403 == 401&#10; +  where 403 = &lt;Response [403]&gt;.status_code">backend/tests/test_monolith_api.py:102: in test_accounts_unauthorized
    assert response.status_code == 401
E   assert 403 == 401
E    +  where 403 = &lt;Response [403]&gt;.status_code</failure></testcase><testcase classname="backend.tests.test_monolith_api.TestAssetsEndpoint" name="test_list_assets" time="0.436" /><testcase classname="backend.tests.test_monolith_api.TestAssetsEndpoint" name="test_assets_unauthorized" time="0.098"><failure message="assert 403 == 401&#10; +  where 403 = &lt;Response [403]&gt;.status_code">backend/tests/test_monolith_api.py:118: in test_assets_unauthorized
    assert response.status_code == 401
E   assert 403 == 401
E    +  where 403 = &lt;Response [403]&gt;.status_code</failure></testcase><testcase classname="backend.tests.test_monolith_api.TestCategoriesEndpoint" name="test_list_categories" time="0.452" /><testcase classname="backend.tests.test_monolith_api.TestTransactionsEndpoint" name="test_list_transactions" time="0.436" /><testcase classname="backend.tests.test_monolith_api.TestBudgetsEndpoint" name="test_list_budgets" time="0.423" /><testcase classname="backend.tests.test_monolith_api.TestGoalsEndpoint" name="test_list_goals" time="0.440" /><testcase classname="backend.tests.test_monolith_api.TestDebtsEndpoint" name="test_list_debts" time="0.433" /><testcase classname="backend.tests.test_monolith_api.TestInvestmentsEndpoint" name="test_list_investments" time="0.421"><failure message="assert 404 == 200&#10; +  where 404 = &lt;Response [404]&gt;.status_code">backend/tests/test_monolith_api.py:182: in test_list_investments
    assert response.status_code == 200
E   assert 404 == 200
E    +  where 404 = &lt;Response [404]&gt;.status_code</failure></testcase><testcase classname="backend.tests.test_monolith_api.TestBillsEndpoint" name="test_list_bills" time="0.469" /><testcase classname="backend.tests.test_monolith_api.TestNotificationsEndpoint" name="test_list_notifications" time="0.412" /></testsuite></testsuites>