<?xml version="1.0" encoding="utf-8"?><testsuites name="pytest tests"><testsuite name="pytest" errors="0" failures="0" skipped="0" tests="15" time="4.459" timestamp="2026-03-02T18:20:15.865756+00:00" hostname="agent-env-7920bbfc-a7e2-4b4c-8e40-4c15515839cc"><testcase classname="tests.test_auth.TestAuthLogin" name="test_login_demo_user_success" time="0.573" /><testcase classname="tests.test_auth.TestAuthLogin" name="test_login_admin_user_success" time="0.375" /><testcase classname="tests.test_auth.TestAuthLogin" name="test_login_invalid_username" time="0.182" /><testcase classname="tests.test_auth.TestAuthLogin" name="test_login_invalid_password" time="0.448" /><testcase classname="tests.test_auth.TestAuthLogin" name="test_login_empty_credentials" time="0.130" /><testcase classname="tests.test_auth.TestAuthMe" name="test_get_me_authenticated" time="0.515" /><testcase classname="tests.test_auth.TestAuthMe" name="test_get_me_unauthenticated" time="0.198" /><testcase classname="tests.test_auth.TestAuthMe" name="test_get_me_invalid_token" time="0.114" /><testcase classname="tests.test_auth.TestAuthRegister" name="test_register_new_user" time="0.442" /><testcase classname="tests.test_auth.TestAuthRegister" name="test_register_duplicate_username" time="0.208" /><testcase classname="tests.test_auth.TestAuthRegister" name="test_register_duplicate_email" time="0.140" /><testcase classname="tests.test_auth.TestAuthProfile" name="test_update_profile_full_name" time="0.561" /><testcase classname="tests.test_auth.TestPasswordReset" name="test_request_password_reset" time="0.126" /><testcase classname="tests.test_auth.TestPasswordReset" name="test_request_password_reset_nonexistent_email" time="0.143" /><testcase classname="tests.test_auth.TestPasswordReset" name="test_reset_password_invalid_token" time="0.115" /></testsuite></testsuites>