<?xml version="1.0" encoding="utf-8"?><testsuites name="pytest tests"><testsuite name="pytest" errors="0" failures="0" skipped="0" tests="15" time="1.945" timestamp="2026-03-25T07:05:59.401990+00:00" hostname="agent-env-9efb2c03-1c11-41f7-8f1e-8771eaaaac96"><testcase classname="tests.test_entity_details_documents.TestAuthAndRegistration" name="test_register_new_user" time="0.229" /><testcase classname="tests.test_entity_details_documents.TestAuthAndRegistration" name="test_login_registered_user" time="0.230" /><testcase classname="tests.test_entity_details_documents.TestEntityCRUD" name="test_create_personal_entity" time="0.236" /><testcase classname="tests.test_entity_details_documents.TestEntityCRUD" name="test_create_business_entity" time="0.003" /><testcase classname="tests.test_entity_details_documents.TestEntityCRUD" name="test_list_entities" time="0.003" /><testcase classname="tests.test_entity_details_documents.TestEntityDetails" name="test_get_personal_entity_details" time="0.242" /><testcase classname="tests.test_entity_details_documents.TestEntityDetails" name="test_get_business_entity_details" time="0.003" /><testcase classname="tests.test_entity_details_documents.TestEntityDetails" name="test_update_personal_entity_details" time="0.006" /><testcase classname="tests.test_entity_details_documents.TestEntityDetails" name="test_update_business_entity_details" time="0.006" /><testcase classname="tests.test_entity_details_documents.TestEntityDetails" name="test_update_wrong_details_type_fails" time="0.002" /><testcase classname="tests.test_entity_details_documents.TestEntityDocuments" name="test_list_entity_documents_empty" time="0.236" /><testcase classname="tests.test_entity_details_documents.TestEntityDocuments" name="test_upload_document_with_storage_enabled" time="0.121" /><testcase classname="tests.test_entity_details_documents.TestDocumentUpload503" name="test_upload_returns_503_without_key" time="0.345" /><testcase classname="tests.test_entity_details_documents.TestEntityNotFound" name="test_get_nonexistent_entity_details" time="0.229" /><testcase classname="tests.test_entity_details_documents.TestEntityNotFound" name="test_list_documents_nonexistent_entity" time="0.003" /></testsuite></testsuites>