<?xml version="1.0" encoding="utf-8"?><testsuites name="pytest tests"><testsuite name="pytest" errors="0" failures="0" skipped="0" tests="16" time="6.923" timestamp="2026-03-02T19:34:46.596769+00:00" hostname="agent-env-9c2f8797-bf97-4893-a549-b45e252c7359"><testcase classname="tests.test_phase4_institutional.TestAuthAuditLogging" name="test_login_creates_audit_entry" time="0.515" /><testcase classname="tests.test_phase4_institutional.TestAuditLogsAPI" name="test_get_audit_logs" time="0.398" /><testcase classname="tests.test_phase4_institutional.TestAuditLogsAPI" name="test_get_audit_logs_with_filters" time="0.394" /><testcase classname="tests.test_phase4_institutional.TestAuditLogsAPI" name="test_get_audit_statistics" time="0.437" /><testcase classname="tests.test_phase4_institutional.TestAuditLogsAPI" name="test_get_my_activity" time="0.442" /><testcase classname="tests.test_phase4_institutional.TestAuditLogsAPI" name="test_get_security_events_admin_only" time="0.416" /><testcase classname="tests.test_phase4_institutional.TestAuditLogsAPI" name="test_get_audit_actions" time="0.434" /><testcase classname="tests.test_phase4_institutional.TestBackupAPI" name="test_list_backups" time="0.415" /><testcase classname="tests.test_phase4_institutional.TestBackupAPI" name="test_get_database_stats" time="0.474" /><testcase classname="tests.test_phase4_institutional.TestBackupAPI" name="test_create_backup" time="0.452" /><testcase classname="tests.test_phase4_institutional.TestBackupAPI" name="test_delete_backup" time="0.638" /><testcase classname="tests.test_phase4_institutional.TestPrometheusMetrics" name="test_metrics_endpoint_returns_prometheus_format" time="0.007" /><testcase classname="tests.test_phase4_institutional.TestNonAdminAccess" name="test_demo_user_can_access_my_activity" time="0.446" /><testcase classname="tests.test_phase4_institutional.TestNonAdminAccess" name="test_demo_user_can_access_audit_logs" time="0.444" /><testcase classname="tests.test_phase4_institutional.TestAuditLogIntegrity" name="test_audit_logs_have_checksums" time="0.501" /><testcase classname="tests.test_phase4_institutional.TestAuditLogIntegrity" name="test_verify_audit_log_integrity" time="0.450" /></testsuite></testsuites>