<?xml version="1.0" encoding="utf-8"?><testsuites name="pytest tests"><testsuite name="pytest" errors="0" failures="1" skipped="0" tests="24" time="6.475" timestamp="2026-02-27T04:24:30.126754+00:00" hostname="agent-env-917a3a88-a0e0-49a7-8295-49891a22290f"><testcase classname="backend.tests.test_new_features.TestAuth" name="test_login_success" time="0.450" /><testcase classname="backend.tests.test_new_features.TestBillsAPI" name="test_get_bills" time="0.509" /><testcase classname="backend.tests.test_new_features.TestBillsAPI" name="test_get_bills_with_entity" time="0.327" /><testcase classname="backend.tests.test_new_features.TestBillsAPI" name="test_create_bill" time="0.169" /><testcase classname="backend.tests.test_new_features.TestReportsAPI" name="test_generate_profit_loss_report" time="0.585" /><testcase classname="backend.tests.test_new_features.TestReportsAPI" name="test_generate_balance_sheet_report" time="0.120" /><testcase classname="backend.tests.test_new_features.TestReportsAPI" name="test_generate_cash_flow_report" time="0.110" /><testcase classname="backend.tests.test_new_features.TestReportsAPI" name="test_generate_budget_vs_actual_report" time="0.118" /><testcase classname="backend.tests.test_new_features.TestReportsAPI" name="test_get_report_presets" time="0.176" /><testcase classname="backend.tests.test_new_features.TestTaxAPI" name="test_get_tax_scenarios" time="0.570" /><testcase classname="backend.tests.test_new_features.TestTaxAPI" name="test_create_tax_scenario" time="0.110"><failure message="assert 422 == 200&#10; +  where 422 = &lt;Response [422]&gt;.status_code">backend/tests/test_new_features.py:249: in test_create_tax_scenario
    assert response.status_code == 200
E   assert 422 == 200
E    +  where 422 = &lt;Response [422]&gt;.status_code</failure></testcase><testcase classname="backend.tests.test_new_features.TestGroupsAPI" name="test_get_groups" time="0.467" /><testcase classname="backend.tests.test_new_features.TestGroupsAPI" name="test_create_group" time="0.118" /><testcase classname="backend.tests.test_new_features.TestFinancialProfilesAPI" name="test_get_financial_profiles" time="0.447" /><testcase classname="backend.tests.test_new_features.TestFinancialProfilesAPI" name="test_create_financial_profile" time="0.245" /><testcase classname="backend.tests.test_new_features.TestImportsAPI" name="test_get_import_batches" time="0.464" /><testcase classname="backend.tests.test_new_features.TestNavigationPages" name="test_health_endpoint" time="0.125" /><testcase classname="backend.tests.test_new_features.TestNavigationPages" name="test_entities_endpoint" time="0.449" /><testcase classname="backend.tests.test_new_features.TestNavigationPages" name="test_accounts_endpoint" time="0.106" /><testcase classname="backend.tests.test_new_features.TestNavigationPages" name="test_categories_endpoint" time="0.128" /><testcase classname="backend.tests.test_new_features.TestNavigationPages" name="test_transactions_endpoint" time="0.165" /><testcase classname="backend.tests.test_new_features.TestNavigationPages" name="test_budgets_endpoint" time="0.115" /><testcase classname="backend.tests.test_new_features.TestNavigationPages" name="test_debts_endpoint" time="0.114" /><testcase classname="backend.tests.test_new_features.TestNavigationPages" name="test_recurring_endpoint" time="0.122" /></testsuite></testsuites>